[Mon Aug 7 11:13:45 2017] [ow_core_log] [Error] Message: Can't Render url using smarty!.  --> Smarty Compiler: Syntax error in template "file:C:\xampp\htdocs\eceshub\ow_plugins\startups\views\controllers\base_index.html"  on line 47 "{for $i=0 ; $i<$count ;i++}"  - Unexpected "i", expected one of: DOLLARID , "$" <--  File: C:\xampp\htdocs\eceshub\ow_core\view_renderer.php Line:84
[Mon Aug 7 11:13:45 2017] [ow_core_log] [Warning] Message: srand() expects parameter 1 to be integer, float given File: C:\xampp\htdocs\eceshub\ow_utilities\string.php Line:181
[Mon Aug 7 11:13:45 2017] [ow_core_log] [Warning] Message: srand() expects parameter 1 to be integer, float given File: C:\xampp\htdocs\eceshub\ow_utilities\string.php Line:181
[Mon Aug 7 11:13:45 2017] [ow_core_log] [Warning] Message: srand() expects parameter 1 to be integer, float given File: C:\xampp\htdocs\eceshub\ow_utilities\string.php Line:181
[Mon Aug 7 11:13:45 2017] [ow_core_log] [Warning] Message: srand() expects parameter 1 to be integer, float given File: C:\xampp\htdocs\eceshub\ow_utilities\string.php Line:181
[Mon Aug 7 11:13:45 2017] [ow_core_log] [Warning] Message: srand() expects parameter 1 to be integer, float given File: C:\xampp\htdocs\eceshub\ow_utilities\string.php Line:181
[Mon Aug 7 11:13:45 2017] [ow_core_log] [Warning] Message: srand() expects parameter 1 to be integer, float given File: C:\xampp\htdocs\eceshub\ow_utilities\string.php Line:181
[Mon Aug 7 11:13:45 2017] [ow_core_log] [Warning] Message: srand() expects parameter 1 to be integer, float given File: C:\xampp\htdocs\eceshub\ow_utilities\string.php Line:181
[Mon Aug 7 11:13:45 2017] [ow_core_log] [Warning] Message: srand() expects parameter 1 to be integer, float given File: C:\xampp\htdocs\eceshub\ow_utilities\string.php Line:181
[Mon Aug 7 11:13:45 2017] [ow_core_log] [Warning] Message: srand() expects parameter 1 to be integer, float given File: C:\xampp\htdocs\eceshub\ow_utilities\string.php Line:181
[Mon Aug 7 11:13:45 2017] [ow_core_log] [Warning] Message: srand() expects parameter 1 to be integer, float given File: C:\xampp\htdocs\eceshub\ow_utilities\string.php Line:181
[Mon Aug 7 11:13:45 2017] [ow_core_log] [Warning] Message: srand() expects parameter 1 to be integer, float given File: C:\xampp\htdocs\eceshub\ow_utilities\string.php Line:181
[Mon Aug 7 11:13:45 2017] [ow_core_log] [Warning] Message: srand() expects parameter 1 to be integer, float given File: C:\xampp\htdocs\eceshub\ow_utilities\string.php Line:181
[Mon Aug 7 11:13:45 2017] [ow_core_log] [Warning] Message: srand() expects parameter 1 to be integer, float given File: C:\xampp\htdocs\eceshub\ow_utilities\string.php Line:181
[Mon Aug 7 11:13:45 2017] [ow_core_log] [Warning] Message: srand() expects parameter 1 to be integer, float given File: C:\xampp\htdocs\eceshub\ow_utilities\string.php Line:181
[Mon Aug 7 11:13:45 2017] [ow_core_log] [Warning] Message: srand() expects parameter 1 to be integer, float given File: C:\xampp\htdocs\eceshub\ow_utilities\string.php Line:181
[Mon Aug 7 11:13:45 2017] [ow_core_log] [Warning] Message: srand() expects parameter 1 to be integer, float given File: C:\xampp\htdocs\eceshub\ow_utilities\string.php Line:181
[Mon Aug 7 11:13:45 2017] [ow_core_log] [Warning] Message: srand() expects parameter 1 to be integer, float given File: C:\xampp\htdocs\eceshub\ow_utilities\string.php Line:181
[Mon Aug 7 11:13:45 2017] [ow_core_log] [Warning] Message: srand() expects parameter 1 to be integer, float given File: C:\xampp\htdocs\eceshub\ow_utilities\string.php Line:181
[Mon Aug 7 11:14:16 2017] [ow_core_log] [Warning] Message: srand() expects parameter 1 to be integer, float given File: C:\xampp\htdocs\eceshub\ow_utilities\string.php Line:181
[Mon Aug 7 11:14:16 2017] [ow_core_log] [Warning] Message: srand() expects parameter 1 to be integer, float given File: C:\xampp\htdocs\eceshub\ow_utilities\string.php Line:181
[Mon Aug 7 11:14:16 2017] [ow_core_log] [Warning] Message: srand() expects parameter 1 to be integer, float given File: C:\xampp\htdocs\eceshub\ow_utilities\string.php Line:181
[Mon Aug 7 11:14:16 2017] [ow_core_log] [Warning] Message: srand() expects parameter 1 to be integer, float given File: C:\xampp\htdocs\eceshub\ow_utilities\string.php Line:181
[Mon Aug 7 11:14:16 2017] [ow_core_log] [Warning] Message: srand() expects parameter 1 to be integer, float given File: C:\xampp\htdocs\eceshub\ow_utilities\string.php Line:181
[Mon Aug 7 11:14:16 2017] [ow_core_log] [Warning] Message: srand() expects parameter 1 to be integer, float given File: C:\xampp\htdocs\eceshub\ow_utilities\string.php Line:181
[Mon Aug 7 11:14:16 2017] [ow_core_log] [Warning] Message: srand() expects parameter 1 to be integer, float given File: C:\xampp\htdocs\eceshub\ow_utilities\string.php Line:181
[Mon Aug 7 11:14:16 2017] [ow_core_log] [Warning] Message: srand() expects parameter 1 to be integer, float given File: C:\xampp\htdocs\eceshub\ow_utilities\string.php Line:181
[Mon Aug 7 11:14:16 2017] [ow_core_log] [Warning] Message: srand() expects parameter 1 to be integer, float given File: C:\xampp\htdocs\eceshub\ow_utilities\string.php Line:181
[Mon Aug 7 11:14:16 2017] [ow_core_log] [Warning] Message: srand() expects parameter 1 to be integer, float given File: C:\xampp\htdocs\eceshub\ow_utilities\string.php Line:181
[Mon Aug 7 11:14:16 2017] [ow_core_log] [Warning] Message: srand() expects parameter 1 to be integer, float given File: C:\xampp\htdocs\eceshub\ow_utilities\string.php Line:181
[Mon Aug 7 11:14:16 2017] [ow_core_log] [Warning] Message: srand() expects parameter 1 to be integer, float given File: C:\xampp\htdocs\eceshub\ow_utilities\string.php Line:181
[Mon Aug 7 11:14:16 2017] [ow_core_log] [Warning] Message: srand() expects parameter 1 to be integer, float given File: C:\xampp\htdocs\eceshub\ow_utilities\string.php Line:181
[Mon Aug 7 11:14:16 2017] [ow_core_log] [Warning] Message: srand() expects parameter 1 to be integer, float given File: C:\xampp\htdocs\eceshub\ow_utilities\string.php Line:181
[Mon Aug 7 11:14:16 2017] [ow_core_log] [Warning] Message: srand() expects parameter 1 to be integer, float given File: C:\xampp\htdocs\eceshub\ow_utilities\string.php Line:181
[Mon Aug 7 11:14:16 2017] [ow_core_log] [Warning] Message: srand() expects parameter 1 to be integer, float given File: C:\xampp\htdocs\eceshub\ow_utilities\string.php Line:181
[Mon Aug 7 11:14:16 2017] [ow_core_log] [Warning] Message: srand() expects parameter 1 to be integer, float given File: C:\xampp\htdocs\eceshub\ow_utilities\string.php Line:181
[Mon Aug 7 11:14:16 2017] [ow_core_log] [Warning] Message: srand() expects parameter 1 to be integer, float given File: C:\xampp\htdocs\eceshub\ow_utilities\string.php Line:181
[Mon Aug 7 11:14:59 2017] [ow_core_log] [Warning] Message: srand() expects parameter 1 to be integer, float given File: C:\xampp\htdocs\eceshub\ow_utilities\string.php Line:181
[Mon Aug 7 11:14:59 2017] [ow_core_log] [Warning] Message: srand() expects parameter 1 to be integer, float given File: C:\xampp\htdocs\eceshub\ow_utilities\string.php Line:181
[Mon Aug 7 11:14:59 2017] [ow_core_log] [Warning] Message: srand() expects parameter 1 to be integer, float given File: C:\xampp\htdocs\eceshub\ow_utilities\string.php Line:181
[Mon Aug 7 11:14:59 2017] [ow_core_log] [Warning] Message: srand() expects parameter 1 to be integer, float given File: C:\xampp\htdocs\eceshub\ow_utilities\string.php Line:181
[Mon Aug 7 11:14:59 2017] [ow_core_log] [Warning] Message: srand() expects parameter 1 to be integer, float given File: C:\xampp\htdocs\eceshub\ow_utilities\string.php Line:181
[Mon Aug 7 11:14:59 2017] [ow_core_log] [Warning] Message: srand() expects parameter 1 to be integer, float given File: C:\xampp\htdocs\eceshub\ow_utilities\string.php Line:181
[Mon Aug 7 11:14:59 2017] [ow_core_log] [Warning] Message: srand() expects parameter 1 to be integer, float given File: C:\xampp\htdocs\eceshub\ow_utilities\string.php Line:181
[Mon Aug 7 11:14:59 2017] [ow_core_log] [Warning] Message: srand() expects parameter 1 to be integer, float given File: C:\xampp\htdocs\eceshub\ow_utilities\string.php Line:181
[Mon Aug 7 11:14:59 2017] [ow_core_log] [Warning] Message: srand() expects parameter 1 to be integer, float given File: C:\xampp\htdocs\eceshub\ow_utilities\string.php Line:181
[Mon Aug 7 11:14:59 2017] [ow_core_log] [Warning] Message: srand() expects parameter 1 to be integer, float given File: C:\xampp\htdocs\eceshub\ow_utilities\string.php Line:181
[Mon Aug 7 11:14:59 2017] [ow_core_log] [Warning] Message: srand() expects parameter 1 to be integer, float given File: C:\xampp\htdocs\eceshub\ow_utilities\string.php Line:181
[Mon Aug 7 11:14:59 2017] [ow_core_log] [Warning] Message: srand() expects parameter 1 to be integer, float given File: C:\xampp\htdocs\eceshub\ow_utilities\string.php Line:181
[Mon Aug 7 11:14:59 2017] [ow_core_log] [Warning] Message: srand() expects parameter 1 to be integer, float given File: C:\xampp\htdocs\eceshub\ow_utilities\string.php Line:181
[Mon Aug 7 11:14:59 2017] [ow_core_log] [Warning] Message: srand() expects parameter 1 to be integer, float given File: C:\xampp\htdocs\eceshub\ow_utilities\string.php Line:181
[Mon Aug 7 11:14:59 2017] [ow_core_log] [Warning] Message: srand() expects parameter 1 to be integer, float given File: C:\xampp\htdocs\eceshub\ow_utilities\string.php Line:181
[Mon Aug 7 11:14:59 2017] [ow_core_log] [Warning] Message: srand() expects parameter 1 to be integer, float given File: C:\xampp\htdocs\eceshub\ow_utilities\string.php Line:181
[Mon Aug 7 11:14:59 2017] [ow_core_log] [Warning] Message: srand() expects parameter 1 to be integer, float given File: C:\xampp\htdocs\eceshub\ow_utilities\string.php Line:181
[Mon Aug 7 11:14:59 2017] [ow_core_log] [Warning] Message: srand() expects parameter 1 to be integer, float given File: C:\xampp\htdocs\eceshub\ow_utilities\string.php Line:181
[Mon Aug 7 11:14:59 2017] [ow_core_log] [Warning] Message: srand() expects parameter 1 to be integer, float given File: C:\xampp\htdocs\eceshub\ow_utilities\string.php Line:181
[Mon Aug 7 11:14:59 2017] [ow_core_log] [Warning] Message: srand() expects parameter 1 to be integer, float given File: C:\xampp\htdocs\eceshub\ow_utilities\string.php Line:181
[Mon Aug 7 11:14:59 2017] [ow_core_log] [Warning] Message: srand() expects parameter 1 to be integer, float given File: C:\xampp\htdocs\eceshub\ow_utilities\string.php Line:181
[Mon Aug 7 11:14:59 2017] [ow_core_log] [Warning] Message: srand() expects parameter 1 to be integer, float given File: C:\xampp\htdocs\eceshub\ow_utilities\string.php Line:181
[Mon Aug 7 11:14:59 2017] [ow_core_log] [Warning] Message: srand() expects parameter 1 to be integer, float given File: C:\xampp\htdocs\eceshub\ow_utilities\string.php Line:181
[Mon Aug 7 11:14:59 2017] [ow_core_log] [Warning] Message: srand() expects parameter 1 to be integer, float given File: C:\xampp\htdocs\eceshub\ow_utilities\string.php Line:181
[Mon Aug 7 11:14:59 2017] [ow_core_log] [Warning] Message: srand() expects parameter 1 to be integer, float given File: C:\xampp\htdocs\eceshub\ow_utilities\string.php Line:181
[Mon Aug 7 11:14:59 2017] [ow_core_log] [Warning] Message: srand() expects parameter 1 to be integer, float given File: C:\xampp\htdocs\eceshub\ow_utilities\string.php Line:181
[Mon Aug 7 11:14:59 2017] [ow_core_log] [Warning] Message: srand() expects parameter 1 to be integer, float given File: C:\xampp\htdocs\eceshub\ow_utilities\string.php Line:181
[Mon Aug 7 11:14:59 2017] [ow_core_log] [Warning] Message: srand() expects parameter 1 to be integer, float given File: C:\xampp\htdocs\eceshub\ow_utilities\string.php Line:181
[Mon Aug 7 11:14:59 2017] [ow_core_log] [Warning] Message: srand() expects parameter 1 to be integer, float given File: C:\xampp\htdocs\eceshub\ow_utilities\string.php Line:181
[Mon Aug 7 11:14:59 2017] [ow_core_log] [Warning] Message: srand() expects parameter 1 to be integer, float given File: C:\xampp\htdocs\eceshub\ow_utilities\string.php Line:181
[Mon Aug 7 11:14:59 2017] [ow_core_log] [Warning] Message: srand() expects parameter 1 to be integer, float given File: C:\xampp\htdocs\eceshub\ow_utilities\string.php Line:181
[Mon Aug 7 11:15:16 2017] [ow_core_log] [Notice] Message: Undefined index: allAds File: C:\xampp\htdocs\eceshub\ow_smarty\template_c\12fbcc4d1ce23b903f8a1ff4daf95db29b0b5046_0.file.base_index.html.php Line:94
[Mon Aug 7 11:15:16 2017] [ow_core_log] [Notice] Message: Trying to get property of non-object File: C:\xampp\htdocs\eceshub\ow_smarty\template_c\12fbcc4d1ce23b903f8a1ff4daf95db29b0b5046_0.file.base_index.html.php Line:94
[Mon Aug 7 11:15:16 2017] [ow_core_log] [Notice] Message: Trying to get property of non-object File: C:\xampp\htdocs\eceshub\ow_smarty\template_c\12fbcc4d1ce23b903f8a1ff4daf95db29b0b5046_0.file.base_index.html.php Line:94
[Mon Aug 7 11:15:16 2017] [ow_core_log] [Warning] Message: srand() expects parameter 1 to be integer, float given File: C:\xampp\htdocs\eceshub\ow_utilities\string.php Line:181
[Mon Aug 7 11:15:16 2017] [ow_core_log] [Warning] Message: srand() expects parameter 1 to be integer, float given File: C:\xampp\htdocs\eceshub\ow_utilities\string.php Line:181
[Mon Aug 7 11:15:16 2017] [ow_core_log] [Warning] Message: srand() expects parameter 1 to be integer, float given File: C:\xampp\htdocs\eceshub\ow_utilities\string.php Line:181
[Mon Aug 7 11:15:16 2017] [ow_core_log] [Warning] Message: srand() expects parameter 1 to be integer, float given File: C:\xampp\htdocs\eceshub\ow_utilities\string.php Line:181
[Mon Aug 7 11:15:16 2017] [ow_core_log] [Warning] Message: srand() expects parameter 1 to be integer, float given File: C:\xampp\htdocs\eceshub\ow_utilities\string.php Line:181
[Mon Aug 7 11:15:16 2017] [ow_core_log] [Warning] Message: srand() expects parameter 1 to be integer, float given File: C:\xampp\htdocs\eceshub\ow_utilities\string.php Line:181
[Mon Aug 7 11:15:16 2017] [ow_core_log] [Warning] Message: srand() expects parameter 1 to be integer, float given File: C:\xampp\htdocs\eceshub\ow_utilities\string.php Line:181
[Mon Aug 7 11:15:16 2017] [ow_core_log] [Warning] Message: srand() expects parameter 1 to be integer, float given File: C:\xampp\htdocs\eceshub\ow_utilities\string.php Line:181
[Mon Aug 7 11:15:16 2017] [ow_core_log] [Warning] Message: srand() expects parameter 1 to be integer, float given File: C:\xampp\htdocs\eceshub\ow_utilities\string.php Line:181
[Mon Aug 7 11:15:16 2017] [ow_core_log] [Warning] Message: srand() expects parameter 1 to be integer, float given File: C:\xampp\htdocs\eceshub\ow_utilities\string.php Line:181
[Mon Aug 7 11:15:16 2017] [ow_core_log] [Warning] Message: srand() expects parameter 1 to be integer, float given File: C:\xampp\htdocs\eceshub\ow_utilities\string.php Line:181
[Mon Aug 7 11:15:16 2017] [ow_core_log] [Warning] Message: srand() expects parameter 1 to be integer, float given File: C:\xampp\htdocs\eceshub\ow_utilities\string.php Line:181
[Mon Aug 7 11:15:16 2017] [ow_core_log] [Warning] Message: srand() expects parameter 1 to be integer, float given File: C:\xampp\htdocs\eceshub\ow_utilities\string.php Line:181
[Mon Aug 7 11:15:16 2017] [ow_core_log] [Warning] Message: srand() expects parameter 1 to be integer, float given File: C:\xampp\htdocs\eceshub\ow_utilities\string.php Line:181
[Mon Aug 7 11:15:16 2017] [ow_core_log] [Warning] Message: srand() expects parameter 1 to be integer, float given File: C:\xampp\htdocs\eceshub\ow_utilities\string.php Line:181
[Mon Aug 7 11:15:16 2017] [ow_core_log] [Warning] Message: srand() expects parameter 1 to be integer, float given File: C:\xampp\htdocs\eceshub\ow_utilities\string.php Line:181
[Mon Aug 7 11:15:16 2017] [ow_core_log] [Warning] Message: srand() expects parameter 1 to be integer, float given File: C:\xampp\htdocs\eceshub\ow_utilities\string.php Line:181
[Mon Aug 7 11:15:16 2017] [ow_core_log] [Warning] Message: srand() expects parameter 1 to be integer, float given File: C:\xampp\htdocs\eceshub\ow_utilities\string.php Line:181
[Mon Aug 7 11:15:36 2017] [ow_core_log] [Notice] Message: Undefined index: allAds File: C:\xampp\htdocs\eceshub\ow_smarty\template_c\12fbcc4d1ce23b903f8a1ff4daf95db29b0b5046_0.file.base_index.html.php Line:94
[Mon Aug 7 11:15:36 2017] [ow_core_log] [Notice] Message: Trying to get property of non-object File: C:\xampp\htdocs\eceshub\ow_smarty\template_c\12fbcc4d1ce23b903f8a1ff4daf95db29b0b5046_0.file.base_index.html.php Line:94
[Mon Aug 7 11:15:36 2017] [ow_core_log] [Notice] Message: Trying to get property of non-object File: C:\xampp\htdocs\eceshub\ow_smarty\template_c\12fbcc4d1ce23b903f8a1ff4daf95db29b0b5046_0.file.base_index.html.php Line:94
[Mon Aug 7 11:15:36 2017] [ow_core_log] [Warning] Message: srand() expects parameter 1 to be integer, float given File: C:\xampp\htdocs\eceshub\ow_utilities\string.php Line:181
[Mon Aug 7 11:15:36 2017] [ow_core_log] [Warning] Message: srand() expects parameter 1 to be integer, float given File: C:\xampp\htdocs\eceshub\ow_utilities\string.php Line:181
[Mon Aug 7 11:15:36 2017] [ow_core_log] [Warning] Message: srand() expects parameter 1 to be integer, float given File: C:\xampp\htdocs\eceshub\ow_utilities\string.php Line:181
[Mon Aug 7 11:15:36 2017] [ow_core_log] [Warning] Message: srand() expects parameter 1 to be integer, float given File: C:\xampp\htdocs\eceshub\ow_utilities\string.php Line:181
[Mon Aug 7 11:15:36 2017] [ow_core_log] [Warning] Message: srand() expects parameter 1 to be integer, float given File: C:\xampp\htdocs\eceshub\ow_utilities\string.php Line:181
[Mon Aug 7 11:15:36 2017] [ow_core_log] [Warning] Message: srand() expects parameter 1 to be integer, float given File: C:\xampp\htdocs\eceshub\ow_utilities\string.php Line:181
[Mon Aug 7 11:15:36 2017] [ow_core_log] [Warning] Message: srand() expects parameter 1 to be integer, float given File: C:\xampp\htdocs\eceshub\ow_utilities\string.php Line:181
[Mon Aug 7 11:15:36 2017] [ow_core_log] [Warning] Message: srand() expects parameter 1 to be integer, float given File: C:\xampp\htdocs\eceshub\ow_utilities\string.php Line:181
[Mon Aug 7 11:15:36 2017] [ow_core_log] [Warning] Message: srand() expects parameter 1 to be integer, float given File: C:\xampp\htdocs\eceshub\ow_utilities\string.php Line:181
[Mon Aug 7 11:15:36 2017] [ow_core_log] [Warning] Message: srand() expects parameter 1 to be integer, float given File: C:\xampp\htdocs\eceshub\ow_utilities\string.php Line:181
[Mon Aug 7 11:15:36 2017] [ow_core_log] [Warning] Message: srand() expects parameter 1 to be integer, float given File: C:\xampp\htdocs\eceshub\ow_utilities\string.php Line:181
[Mon Aug 7 11:15:36 2017] [ow_core_log] [Warning] Message: srand() expects parameter 1 to be integer, float given File: C:\xampp\htdocs\eceshub\ow_utilities\string.php Line:181
[Mon Aug 7 11:15:36 2017] [ow_core_log] [Warning] Message: srand() expects parameter 1 to be integer, float given File: C:\xampp\htdocs\eceshub\ow_utilities\string.php Line:181
[Mon Aug 7 11:15:36 2017] [ow_core_log] [Warning] Message: srand() expects parameter 1 to be integer, float given File: C:\xampp\htdocs\eceshub\ow_utilities\string.php Line:181
[Mon Aug 7 11:15:36 2017] [ow_core_log] [Warning] Message: srand() expects parameter 1 to be integer, float given File: C:\xampp\htdocs\eceshub\ow_utilities\string.php Line:181
[Mon Aug 7 11:15:36 2017] [ow_core_log] [Warning] Message: srand() expects parameter 1 to be integer, float given File: C:\xampp\htdocs\eceshub\ow_utilities\string.php Line:181
[Mon Aug 7 11:15:36 2017] [ow_core_log] [Warning] Message: srand() expects parameter 1 to be integer, float given File: C:\xampp\htdocs\eceshub\ow_utilities\string.php Line:181
[Mon Aug 7 11:15:36 2017] [ow_core_log] [Warning] Message: srand() expects parameter 1 to be integer, float given File: C:\xampp\htdocs\eceshub\ow_utilities\string.php Line:181
[Mon Aug 7 11:22:50 2017] [ow_core_log] [Notice] Message: Undefined index: allAds File: C:\xampp\htdocs\eceshub\ow_smarty\template_c\12fbcc4d1ce23b903f8a1ff4daf95db29b0b5046_0.file.base_index.html.php Line:94
[Mon Aug 7 11:22:50 2017] [ow_core_log] [Notice] Message: Trying to get property of non-object File: C:\xampp\htdocs\eceshub\ow_smarty\template_c\12fbcc4d1ce23b903f8a1ff4daf95db29b0b5046_0.file.base_index.html.php Line:94
[Mon Aug 7 11:22:50 2017] [ow_core_log] [Notice] Message: Trying to get property of non-object File: C:\xampp\htdocs\eceshub\ow_smarty\template_c\12fbcc4d1ce23b903f8a1ff4daf95db29b0b5046_0.file.base_index.html.php Line:94
[Mon Aug 7 11:22:50 2017] [ow_core_log] [Warning] Message: srand() expects parameter 1 to be integer, float given File: C:\xampp\htdocs\eceshub\ow_utilities\string.php Line:181
[Mon Aug 7 11:22:50 2017] [ow_core_log] [Warning] Message: srand() expects parameter 1 to be integer, float given File: C:\xampp\htdocs\eceshub\ow_utilities\string.php Line:181
[Mon Aug 7 11:22:50 2017] [ow_core_log] [Warning] Message: srand() expects parameter 1 to be integer, float given File: C:\xampp\htdocs\eceshub\ow_utilities\string.php Line:181
[Mon Aug 7 11:22:50 2017] [ow_core_log] [Warning] Message: srand() expects parameter 1 to be integer, float given File: C:\xampp\htdocs\eceshub\ow_utilities\string.php Line:181
[Mon Aug 7 11:22:50 2017] [ow_core_log] [Warning] Message: srand() expects parameter 1 to be integer, float given File: C:\xampp\htdocs\eceshub\ow_utilities\string.php Line:181
[Mon Aug 7 11:22:50 2017] [ow_core_log] [Warning] Message: srand() expects parameter 1 to be integer, float given File: C:\xampp\htdocs\eceshub\ow_utilities\string.php Line:181
[Mon Aug 7 11:22:50 2017] [ow_core_log] [Warning] Message: srand() expects parameter 1 to be integer, float given File: C:\xampp\htdocs\eceshub\ow_utilities\string.php Line:181
[Mon Aug 7 11:22:50 2017] [ow_core_log] [Warning] Message: srand() expects parameter 1 to be integer, float given File: C:\xampp\htdocs\eceshub\ow_utilities\string.php Line:181
[Mon Aug 7 11:22:50 2017] [ow_core_log] [Warning] Message: srand() expects parameter 1 to be integer, float given File: C:\xampp\htdocs\eceshub\ow_utilities\string.php Line:181
[Mon Aug 7 11:22:50 2017] [ow_core_log] [Warning] Message: srand() expects parameter 1 to be integer, float given File: C:\xampp\htdocs\eceshub\ow_utilities\string.php Line:181
[Mon Aug 7 11:22:50 2017] [ow_core_log] [Warning] Message: srand() expects parameter 1 to be integer, float given File: C:\xampp\htdocs\eceshub\ow_utilities\string.php Line:181
[Mon Aug 7 11:22:50 2017] [ow_core_log] [Warning] Message: srand() expects parameter 1 to be integer, float given File: C:\xampp\htdocs\eceshub\ow_utilities\string.php Line:181
[Mon Aug 7 11:22:50 2017] [ow_core_log] [Warning] Message: srand() expects parameter 1 to be integer, float given File: C:\xampp\htdocs\eceshub\ow_utilities\string.php Line:181
[Mon Aug 7 11:22:50 2017] [ow_core_log] [Warning] Message: srand() expects parameter 1 to be integer, float given File: C:\xampp\htdocs\eceshub\ow_utilities\string.php Line:181
[Mon Aug 7 11:22:50 2017] [ow_core_log] [Warning] Message: srand() expects parameter 1 to be integer, float given File: C:\xampp\htdocs\eceshub\ow_utilities\string.php Line:181
[Mon Aug 7 11:22:50 2017] [ow_core_log] [Warning] Message: srand() expects parameter 1 to be integer, float given File: C:\xampp\htdocs\eceshub\ow_utilities\string.php Line:181
[Mon Aug 7 11:22:50 2017] [ow_core_log] [Warning] Message: srand() expects parameter 1 to be integer, float given File: C:\xampp\htdocs\eceshub\ow_utilities\string.php Line:181
[Mon Aug 7 11:22:50 2017] [ow_core_log] [Warning] Message: srand() expects parameter 1 to be integer, float given File: C:\xampp\htdocs\eceshub\ow_utilities\string.php Line:181
[Mon Aug 7 11:22:59 2017] [ow_core_log] [Notice] Message: Undefined index: allAds File: C:\xampp\htdocs\eceshub\ow_smarty\template_c\12fbcc4d1ce23b903f8a1ff4daf95db29b0b5046_0.file.base_index.html.php Line:94
[Mon Aug 7 11:22:59 2017] [ow_core_log] [Notice] Message: Trying to get property of non-object File: C:\xampp\htdocs\eceshub\ow_smarty\template_c\12fbcc4d1ce23b903f8a1ff4daf95db29b0b5046_0.file.base_index.html.php Line:94
[Mon Aug 7 11:22:59 2017] [ow_core_log] [Notice] Message: Trying to get property of non-object File: C:\xampp\htdocs\eceshub\ow_smarty\template_c\12fbcc4d1ce23b903f8a1ff4daf95db29b0b5046_0.file.base_index.html.php Line:94
[Mon Aug 7 11:22:59 2017] [ow_core_log] [Warning] Message: srand() expects parameter 1 to be integer, float given File: C:\xampp\htdocs\eceshub\ow_utilities\string.php Line:181
[Mon Aug 7 11:22:59 2017] [ow_core_log] [Warning] Message: srand() expects parameter 1 to be integer, float given File: C:\xampp\htdocs\eceshub\ow_utilities\string.php Line:181
[Mon Aug 7 11:22:59 2017] [ow_core_log] [Warning] Message: srand() expects parameter 1 to be integer, float given File: C:\xampp\htdocs\eceshub\ow_utilities\string.php Line:181
[Mon Aug 7 11:22:59 2017] [ow_core_log] [Warning] Message: srand() expects parameter 1 to be integer, float given File: C:\xampp\htdocs\eceshub\ow_utilities\string.php Line:181
[Mon Aug 7 11:22:59 2017] [ow_core_log] [Warning] Message: srand() expects parameter 1 to be integer, float given File: C:\xampp\htdocs\eceshub\ow_utilities\string.php Line:181
[Mon Aug 7 11:22:59 2017] [ow_core_log] [Warning] Message: srand() expects parameter 1 to be integer, float given File: C:\xampp\htdocs\eceshub\ow_utilities\string.php Line:181
[Mon Aug 7 11:22:59 2017] [ow_core_log] [Warning] Message: srand() expects parameter 1 to be integer, float given File: C:\xampp\htdocs\eceshub\ow_utilities\string.php Line:181
[Mon Aug 7 11:22:59 2017] [ow_core_log] [Warning] Message: srand() expects parameter 1 to be integer, float given File: C:\xampp\htdocs\eceshub\ow_utilities\string.php Line:181
[Mon Aug 7 11:22:59 2017] [ow_core_log] [Warning] Message: srand() expects parameter 1 to be integer, float given File: C:\xampp\htdocs\eceshub\ow_utilities\string.php Line:181
[Mon Aug 7 11:22:59 2017] [ow_core_log] [Warning] Message: srand() expects parameter 1 to be integer, float given File: C:\xampp\htdocs\eceshub\ow_utilities\string.php Line:181
[Mon Aug 7 11:22:59 2017] [ow_core_log] [Warning] Message: srand() expects parameter 1 to be integer, float given File: C:\xampp\htdocs\eceshub\ow_utilities\string.php Line:181
[Mon Aug 7 11:22:59 2017] [ow_core_log] [Warning] Message: srand() expects parameter 1 to be integer, float given File: C:\xampp\htdocs\eceshub\ow_utilities\string.php Line:181
[Mon Aug 7 11:22:59 2017] [ow_core_log] [Warning] Message: srand() expects parameter 1 to be integer, float given File: C:\xampp\htdocs\eceshub\ow_utilities\string.php Line:181
[Mon Aug 7 11:22:59 2017] [ow_core_log] [Warning] Message: srand() expects parameter 1 to be integer, float given File: C:\xampp\htdocs\eceshub\ow_utilities\string.php Line:181
[Mon Aug 7 11:22:59 2017] [ow_core_log] [Warning] Message: srand() expects parameter 1 to be integer, float given File: C:\xampp\htdocs\eceshub\ow_utilities\string.php Line:181
[Mon Aug 7 11:22:59 2017] [ow_core_log] [Warning] Message: srand() expects parameter 1 to be integer, float given File: C:\xampp\htdocs\eceshub\ow_utilities\string.php Line:181
[Mon Aug 7 11:22:59 2017] [ow_core_log] [Warning] Message: srand() expects parameter 1 to be integer, float given File: C:\xampp\htdocs\eceshub\ow_utilities\string.php Line:181
[Mon Aug 7 11:22:59 2017] [ow_core_log] [Warning] Message: srand() expects parameter 1 to be integer, float given File: C:\xampp\htdocs\eceshub\ow_utilities\string.php Line:181
[Mon Aug 7 11:23:39 2017] [ow_core_log] [Notice] Message: Undefined index: allAds File: C:\xampp\htdocs\eceshub\ow_smarty\template_c\12fbcc4d1ce23b903f8a1ff4daf95db29b0b5046_0.file.base_index.html.php Line:94
[Mon Aug 7 11:23:39 2017] [ow_core_log] [Notice] Message: Trying to get property of non-object File: C:\xampp\htdocs\eceshub\ow_smarty\template_c\12fbcc4d1ce23b903f8a1ff4daf95db29b0b5046_0.file.base_index.html.php Line:94
[Mon Aug 7 11:23:39 2017] [ow_core_log] [Notice] Message: Trying to get property of non-object File: C:\xampp\htdocs\eceshub\ow_smarty\template_c\12fbcc4d1ce23b903f8a1ff4daf95db29b0b5046_0.file.base_index.html.php Line:94
[Mon Aug 7 11:23:39 2017] [ow_core_log] [Notice] Message: Undefined index: allAds File: C:\xampp\htdocs\eceshub\ow_smarty\template_c\12fbcc4d1ce23b903f8a1ff4daf95db29b0b5046_0.file.base_index.html.php Line:99
[Mon Aug 7 11:23:39 2017] [ow_core_log] [Notice] Message: Trying to get property of non-object File: C:\xampp\htdocs\eceshub\ow_smarty\template_c\12fbcc4d1ce23b903f8a1ff4daf95db29b0b5046_0.file.base_index.html.php Line:99
[Mon Aug 7 11:23:39 2017] [ow_core_log] [Notice] Message: Trying to get property of non-object File: C:\xampp\htdocs\eceshub\ow_smarty\template_c\12fbcc4d1ce23b903f8a1ff4daf95db29b0b5046_0.file.base_index.html.php Line:99
[Mon Aug 7 11:23:39 2017] [ow_core_log] [Warning] Message: srand() expects parameter 1 to be integer, float given File: C:\xampp\htdocs\eceshub\ow_utilities\string.php Line:181
[Mon Aug 7 11:23:39 2017] [ow_core_log] [Warning] Message: srand() expects parameter 1 to be integer, float given File: C:\xampp\htdocs\eceshub\ow_utilities\string.php Line:181
[Mon Aug 7 11:23:39 2017] [ow_core_log] [Warning] Message: srand() expects parameter 1 to be integer, float given File: C:\xampp\htdocs\eceshub\ow_utilities\string.php Line:181
[Mon Aug 7 11:23:39 2017] [ow_core_log] [Warning] Message: srand() expects parameter 1 to be integer, float given File: C:\xampp\htdocs\eceshub\ow_utilities\string.php Line:181
[Mon Aug 7 11:23:39 2017] [ow_core_log] [Warning] Message: srand() expects parameter 1 to be integer, float given File: C:\xampp\htdocs\eceshub\ow_utilities\string.php Line:181
[Mon Aug 7 11:23:39 2017] [ow_core_log] [Warning] Message: srand() expects parameter 1 to be integer, float given File: C:\xampp\htdocs\eceshub\ow_utilities\string.php Line:181
[Mon Aug 7 11:23:39 2017] [ow_core_log] [Warning] Message: srand() expects parameter 1 to be integer, float given File: C:\xampp\htdocs\eceshub\ow_utilities\string.php Line:181
[Mon Aug 7 11:23:39 2017] [ow_core_log] [Warning] Message: srand() expects parameter 1 to be integer, float given File: C:\xampp\htdocs\eceshub\ow_utilities\string.php Line:181
[Mon Aug 7 11:23:39 2017] [ow_core_log] [Warning] Message: srand() expects parameter 1 to be integer, float given File: C:\xampp\htdocs\eceshub\ow_utilities\string.php Line:181
[Mon Aug 7 11:23:39 2017] [ow_core_log] [Warning] Message: srand() expects parameter 1 to be integer, float given File: C:\xampp\htdocs\eceshub\ow_utilities\string.php Line:181
[Mon Aug 7 11:23:39 2017] [ow_core_log] [Warning] Message: srand() expects parameter 1 to be integer, float given File: C:\xampp\htdocs\eceshub\ow_utilities\string.php Line:181
[Mon Aug 7 11:23:39 2017] [ow_core_log] [Warning] Message: srand() expects parameter 1 to be integer, float given File: C:\xampp\htdocs\eceshub\ow_utilities\string.php Line:181
[Mon Aug 7 11:23:39 2017] [ow_core_log] [Warning] Message: srand() expects parameter 1 to be integer, float given File: C:\xampp\htdocs\eceshub\ow_utilities\string.php Line:181
[Mon Aug 7 11:23:39 2017] [ow_core_log] [Warning] Message: srand() expects parameter 1 to be integer, float given File: C:\xampp\htdocs\eceshub\ow_utilities\string.php Line:181
[Mon Aug 7 11:23:39 2017] [ow_core_log] [Warning] Message: srand() expects parameter 1 to be integer, float given File: C:\xampp\htdocs\eceshub\ow_utilities\string.php Line:181
[Mon Aug 7 11:23:39 2017] [ow_core_log] [Warning] Message: srand() expects parameter 1 to be integer, float given File: C:\xampp\htdocs\eceshub\ow_utilities\string.php Line:181
[Mon Aug 7 11:23:39 2017] [ow_core_log] [Warning] Message: srand() expects parameter 1 to be integer, float given File: C:\xampp\htdocs\eceshub\ow_utilities\string.php Line:181
[Mon Aug 7 11:23:39 2017] [ow_core_log] [Warning] Message: srand() expects parameter 1 to be integer, float given File: C:\xampp\htdocs\eceshub\ow_utilities\string.php Line:181
[Mon Aug 7 11:27:33 2017] [ow_core_log] [Notice] Message: Undefined index: allAds File: C:\xampp\htdocs\eceshub\ow_smarty\template_c\12fbcc4d1ce23b903f8a1ff4daf95db29b0b5046_0.file.base_index.html.php Line:94
[Mon Aug 7 11:27:33 2017] [ow_core_log] [Notice] Message: Trying to get property of non-object File: C:\xampp\htdocs\eceshub\ow_smarty\template_c\12fbcc4d1ce23b903f8a1ff4daf95db29b0b5046_0.file.base_index.html.php Line:94
[Mon Aug 7 11:27:33 2017] [ow_core_log] [Notice] Message: Trying to get property of non-object File: C:\xampp\htdocs\eceshub\ow_smarty\template_c\12fbcc4d1ce23b903f8a1ff4daf95db29b0b5046_0.file.base_index.html.php Line:94
[Mon Aug 7 11:27:33 2017] [ow_core_log] [Notice] Message: Undefined index: allAds File: C:\xampp\htdocs\eceshub\ow_smarty\template_c\12fbcc4d1ce23b903f8a1ff4daf95db29b0b5046_0.file.base_index.html.php Line:99
[Mon Aug 7 11:27:33 2017] [ow_core_log] [Notice] Message: Trying to get property of non-object File: C:\xampp\htdocs\eceshub\ow_smarty\template_c\12fbcc4d1ce23b903f8a1ff4daf95db29b0b5046_0.file.base_index.html.php Line:99
[Mon Aug 7 11:27:33 2017] [ow_core_log] [Notice] Message: Trying to get property of non-object File: C:\xampp\htdocs\eceshub\ow_smarty\template_c\12fbcc4d1ce23b903f8a1ff4daf95db29b0b5046_0.file.base_index.html.php Line:99
[Mon Aug 7 11:27:33 2017] [ow_core_log] [Warning] Message: srand() expects parameter 1 to be integer, float given File: C:\xampp\htdocs\eceshub\ow_utilities\string.php Line:181
[Mon Aug 7 11:27:33 2017] [ow_core_log] [Warning] Message: srand() expects parameter 1 to be integer, float given File: C:\xampp\htdocs\eceshub\ow_utilities\string.php Line:181
[Mon Aug 7 11:27:33 2017] [ow_core_log] [Warning] Message: srand() expects parameter 1 to be integer, float given File: C:\xampp\htdocs\eceshub\ow_utilities\string.php Line:181
[Mon Aug 7 11:27:33 2017] [ow_core_log] [Warning] Message: srand() expects parameter 1 to be integer, float given File: C:\xampp\htdocs\eceshub\ow_utilities\string.php Line:181
[Mon Aug 7 11:27:33 2017] [ow_core_log] [Warning] Message: srand() expects parameter 1 to be integer, float given File: C:\xampp\htdocs\eceshub\ow_utilities\string.php Line:181
[Mon Aug 7 11:27:33 2017] [ow_core_log] [Warning] Message: srand() expects parameter 1 to be integer, float given File: C:\xampp\htdocs\eceshub\ow_utilities\string.php Line:181
[Mon Aug 7 11:27:33 2017] [ow_core_log] [Warning] Message: srand() expects parameter 1 to be integer, float given File: C:\xampp\htdocs\eceshub\ow_utilities\string.php Line:181
[Mon Aug 7 11:27:33 2017] [ow_core_log] [Warning] Message: srand() expects parameter 1 to be integer, float given File: C:\xampp\htdocs\eceshub\ow_utilities\string.php Line:181
[Mon Aug 7 11:27:33 2017] [ow_core_log] [Warning] Message: srand() expects parameter 1 to be integer, float given File: C:\xampp\htdocs\eceshub\ow_utilities\string.php Line:181
[Mon Aug 7 11:27:33 2017] [ow_core_log] [Warning] Message: srand() expects parameter 1 to be integer, float given File: C:\xampp\htdocs\eceshub\ow_utilities\string.php Line:181
[Mon Aug 7 11:28:15 2017] [ow_core_log] [Notice] Message: Undefined index: allAds File: C:\xampp\htdocs\eceshub\ow_smarty\template_c\12fbcc4d1ce23b903f8a1ff4daf95db29b0b5046_0.file.base_index.html.php Line:94
[Mon Aug 7 11:28:15 2017] [ow_core_log] [Notice] Message: Trying to get property of non-object File: C:\xampp\htdocs\eceshub\ow_smarty\template_c\12fbcc4d1ce23b903f8a1ff4daf95db29b0b5046_0.file.base_index.html.php Line:94
[Mon Aug 7 11:28:15 2017] [ow_core_log] [Notice] Message: Trying to get property of non-object File: C:\xampp\htdocs\eceshub\ow_smarty\template_c\12fbcc4d1ce23b903f8a1ff4daf95db29b0b5046_0.file.base_index.html.php Line:94
[Mon Aug 7 11:28:15 2017] [ow_core_log] [Notice] Message: Undefined index: allAds File: C:\xampp\htdocs\eceshub\ow_smarty\template_c\12fbcc4d1ce23b903f8a1ff4daf95db29b0b5046_0.file.base_index.html.php Line:99
[Mon Aug 7 11:28:15 2017] [ow_core_log] [Notice] Message: Trying to get property of non-object File: C:\xampp\htdocs\eceshub\ow_smarty\template_c\12fbcc4d1ce23b903f8a1ff4daf95db29b0b5046_0.file.base_index.html.php Line:99
[Mon Aug 7 11:28:15 2017] [ow_core_log] [Notice] Message: Trying to get property of non-object File: C:\xampp\htdocs\eceshub\ow_smarty\template_c\12fbcc4d1ce23b903f8a1ff4daf95db29b0b5046_0.file.base_index.html.php Line:99
[Mon Aug 7 11:28:15 2017] [ow_core_log] [Warning] Message: srand() expects parameter 1 to be integer, float given File: C:\xampp\htdocs\eceshub\ow_utilities\string.php Line:181
[Mon Aug 7 11:28:15 2017] [ow_core_log] [Warning] Message: srand() expects parameter 1 to be integer, float given File: C:\xampp\htdocs\eceshub\ow_utilities\string.php Line:181
[Mon Aug 7 11:28:15 2017] [ow_core_log] [Warning] Message: srand() expects parameter 1 to be integer, float given File: C:\xampp\htdocs\eceshub\ow_utilities\string.php Line:181
[Mon Aug 7 11:28:15 2017] [ow_core_log] [Warning] Message: srand() expects parameter 1 to be integer, float given File: C:\xampp\htdocs\eceshub\ow_utilities\string.php Line:181
[Mon Aug 7 11:28:15 2017] [ow_core_log] [Warning] Message: srand() expects parameter 1 to be integer, float given File: C:\xampp\htdocs\eceshub\ow_utilities\string.php Line:181
[Mon Aug 7 11:28:15 2017] [ow_core_log] [Warning] Message: srand() expects parameter 1 to be integer, float given File: C:\xampp\htdocs\eceshub\ow_utilities\string.php Line:181
[Mon Aug 7 11:28:15 2017] [ow_core_log] [Warning] Message: srand() expects parameter 1 to be integer, float given File: C:\xampp\htdocs\eceshub\ow_utilities\string.php Line:181
[Mon Aug 7 11:28:15 2017] [ow_core_log] [Warning] Message: srand() expects parameter 1 to be integer, float given File: C:\xampp\htdocs\eceshub\ow_utilities\string.php Line:181
[Mon Aug 7 11:28:15 2017] [ow_core_log] [Warning] Message: srand() expects parameter 1 to be integer, float given File: C:\xampp\htdocs\eceshub\ow_utilities\string.php Line:181
[Mon Aug 7 11:28:15 2017] [ow_core_log] [Warning] Message: srand() expects parameter 1 to be integer, float given File: C:\xampp\htdocs\eceshub\ow_utilities\string.php Line:181
[Mon Aug 7 11:28:15 2017] [ow_core_log] [Warning] Message: srand() expects parameter 1 to be integer, float given File: C:\xampp\htdocs\eceshub\ow_utilities\string.php Line:181
[Mon Aug 7 11:28:15 2017] [ow_core_log] [Warning] Message: srand() expects parameter 1 to be integer, float given File: C:\xampp\htdocs\eceshub\ow_utilities\string.php Line:181
[Mon Aug 7 11:28:15 2017] [ow_core_log] [Warning] Message: srand() expects parameter 1 to be integer, float given File: C:\xampp\htdocs\eceshub\ow_utilities\string.php Line:181
[Mon Aug 7 11:28:15 2017] [ow_core_log] [Warning] Message: srand() expects parameter 1 to be integer, float given File: C:\xampp\htdocs\eceshub\ow_utilities\string.php Line:181
[Mon Aug 7 11:28:15 2017] [ow_core_log] [Warning] Message: srand() expects parameter 1 to be integer, float given File: C:\xampp\htdocs\eceshub\ow_utilities\string.php Line:181
[Mon Aug 7 11:28:15 2017] [ow_core_log] [Warning] Message: srand() expects parameter 1 to be integer, float given File: C:\xampp\htdocs\eceshub\ow_utilities\string.php Line:181
[Mon Aug 7 11:28:15 2017] [ow_core_log] [Warning] Message: srand() expects parameter 1 to be integer, float given File: C:\xampp\htdocs\eceshub\ow_utilities\string.php Line:181
[Mon Aug 7 11:28:15 2017] [ow_core_log] [Warning] Message: srand() expects parameter 1 to be integer, float given File: C:\xampp\htdocs\eceshub\ow_utilities\string.php Line:181
[Mon Aug 7 11:28:21 2017] [ow_core_log] [Warning] Message: srand() expects parameter 1 to be integer, float given File: C:\xampp\htdocs\eceshub\ow_utilities\string.php Line:181
[Mon Aug 7 11:28:22 2017] [ow_core_log] [Warning] Message: srand() expects parameter 1 to be integer, float given File: C:\xampp\htdocs\eceshub\ow_utilities\string.php Line:181
[Mon Aug 7 11:28:22 2017] [ow_core_log] [Warning] Message: srand() expects parameter 1 to be integer, float given File: C:\xampp\htdocs\eceshub\ow_utilities\string.php Line:181
[Mon Aug 7 11:28:22 2017] [ow_core_log] [Warning] Message: srand() expects parameter 1 to be integer, float given File: C:\xampp\htdocs\eceshub\ow_utilities\string.php Line:181
[Mon Aug 7 11:28:22 2017] [ow_core_log] [Warning] Message: srand() expects parameter 1 to be integer, float given File: C:\xampp\htdocs\eceshub\ow_utilities\string.php Line:181
[Mon Aug 7 11:28:22 2017] [ow_core_log] [Warning] Message: srand() expects parameter 1 to be integer, float given File: C:\xampp\htdocs\eceshub\ow_utilities\string.php Line:181
[Mon Aug 7 11:28:22 2017] [ow_core_log] [Warning] Message: srand() expects parameter 1 to be integer, float given File: C:\xampp\htdocs\eceshub\ow_utilities\string.php Line:181
[Mon Aug 7 11:28:22 2017] [ow_core_log] [Warning] Message: srand() expects parameter 1 to be integer, float given File: C:\xampp\htdocs\eceshub\ow_utilities\string.php Line:181
[Mon Aug 7 11:28:22 2017] [ow_core_log] [Warning] Message: srand() expects parameter 1 to be integer, float given File: C:\xampp\htdocs\eceshub\ow_utilities\string.php Line:181
[Mon Aug 7 11:28:22 2017] [ow_core_log] [Warning] Message: srand() expects parameter 1 to be integer, float given File: C:\xampp\htdocs\eceshub\ow_utilities\string.php Line:181
[Mon Aug 7 11:28:22 2017] [ow_core_log] [Warning] Message: srand() expects parameter 1 to be integer, float given File: C:\xampp\htdocs\eceshub\ow_utilities\string.php Line:181
[Mon Aug 7 11:28:22 2017] [ow_core_log] [Warning] Message: srand() expects parameter 1 to be integer, float given File: C:\xampp\htdocs\eceshub\ow_utilities\string.php Line:181
[Mon Aug 7 11:28:22 2017] [ow_core_log] [Warning] Message: srand() expects parameter 1 to be integer, float given File: C:\xampp\htdocs\eceshub\ow_utilities\string.php Line:181
[Mon Aug 7 11:28:22 2017] [ow_core_log] [Warning] Message: srand() expects parameter 1 to be integer, float given File: C:\xampp\htdocs\eceshub\ow_utilities\string.php Line:181
[Mon Aug 7 11:28:22 2017] [ow_core_log] [Warning] Message: srand() expects parameter 1 to be integer, float given File: C:\xampp\htdocs\eceshub\ow_utilities\string.php Line:181
[Mon Aug 7 11:28:22 2017] [ow_core_log] [Warning] Message: srand() expects parameter 1 to be integer, float given File: C:\xampp\htdocs\eceshub\ow_utilities\string.php Line:181
[Mon Aug 7 11:28:22 2017] [ow_core_log] [Warning] Message: srand() expects parameter 1 to be integer, float given File: C:\xampp\htdocs\eceshub\ow_utilities\string.php Line:181
[Mon Aug 7 11:28:22 2017] [ow_core_log] [Warning] Message: srand() expects parameter 1 to be integer, float given File: C:\xampp\htdocs\eceshub\ow_utilities\string.php Line:181
[Mon Aug 7 11:29:44 2017] [ow_core_log] [Warning] Message: srand() expects parameter 1 to be integer, float given File: C:\xampp\htdocs\eceshub\ow_utilities\string.php Line:181
[Mon Aug 7 11:29:44 2017] [ow_core_log] [Warning] Message: srand() expects parameter 1 to be integer, float given File: C:\xampp\htdocs\eceshub\ow_utilities\string.php Line:181
[Mon Aug 7 11:29:44 2017] [ow_core_log] [Warning] Message: srand() expects parameter 1 to be integer, float given File: C:\xampp\htdocs\eceshub\ow_utilities\string.php Line:181
[Mon Aug 7 11:29:44 2017] [ow_core_log] [Warning] Message: srand() expects parameter 1 to be integer, float given File: C:\xampp\htdocs\eceshub\ow_utilities\string.php Line:181
[Mon Aug 7 11:29:44 2017] [ow_core_log] [Warning] Message: srand() expects parameter 1 to be integer, float given File: C:\xampp\htdocs\eceshub\ow_utilities\string.php Line:181
[Mon Aug 7 11:29:44 2017] [ow_core_log] [Warning] Message: srand() expects parameter 1 to be integer, float given File: C:\xampp\htdocs\eceshub\ow_utilities\string.php Line:181
[Mon Aug 7 11:29:44 2017] [ow_core_log] [Warning] Message: srand() expects parameter 1 to be integer, float given File: C:\xampp\htdocs\eceshub\ow_utilities\string.php Line:181
[Mon Aug 7 11:29:44 2017] [ow_core_log] [Warning] Message: srand() expects parameter 1 to be integer, float given File: C:\xampp\htdocs\eceshub\ow_utilities\string.php Line:181
[Mon Aug 7 11:29:44 2017] [ow_core_log] [Warning] Message: srand() expects parameter 1 to be integer, float given File: C:\xampp\htdocs\eceshub\ow_utilities\string.php Line:181
[Mon Aug 7 11:29:44 2017] [ow_core_log] [Warning] Message: srand() expects parameter 1 to be integer, float given File: C:\xampp\htdocs\eceshub\ow_utilities\string.php Line:181
[Mon Aug 7 11:29:44 2017] [ow_core_log] [Warning] Message: srand() expects parameter 1 to be integer, float given File: C:\xampp\htdocs\eceshub\ow_utilities\string.php Line:181
[Mon Aug 7 11:29:44 2017] [ow_core_log] [Warning] Message: srand() expects parameter 1 to be integer, float given File: C:\xampp\htdocs\eceshub\ow_utilities\string.php Line:181
[Mon Aug 7 11:29:44 2017] [ow_core_log] [Warning] Message: srand() expects parameter 1 to be integer, float given File: C:\xampp\htdocs\eceshub\ow_utilities\string.php Line:181
[Mon Aug 7 11:29:44 2017] [ow_core_log] [Warning] Message: srand() expects parameter 1 to be integer, float given File: C:\xampp\htdocs\eceshub\ow_utilities\string.php Line:181
[Mon Aug 7 11:29:44 2017] [ow_core_log] [Warning] Message: srand() expects parameter 1 to be integer, float given File: C:\xampp\htdocs\eceshub\ow_utilities\string.php Line:181
[Mon Aug 7 11:29:44 2017] [ow_core_log] [Warning] Message: srand() expects parameter 1 to be integer, float given File: C:\xampp\htdocs\eceshub\ow_utilities\string.php Line:181
[Mon Aug 7 11:29:44 2017] [ow_core_log] [Warning] Message: srand() expects parameter 1 to be integer, float given File: C:\xampp\htdocs\eceshub\ow_utilities\string.php Line:181
[Mon Aug 7 11:29:44 2017] [ow_core_log] [Warning] Message: srand() expects parameter 1 to be integer, float given File: C:\xampp\htdocs\eceshub\ow_utilities\string.php Line:181
